---------------------------------------------------------------

[2026-05-30T11:36:02+08:00] 111.55.96.151 POST 012.demo.zhigou888.cn/im/sign/updateSignData
[ error ] [8]未定义变量: scores
---------------------------------------------------------------

[2026-05-30T11:36:37+08:00] 111.55.96.151 POST 012.demo.zhigou888.cn/im/message/textMsg
[ info ] relay_msg:Array
(
    [user_ids] => Array
        (
            [0] => 6377
            [1] => 5880
        )

    [content_type] => 0
    [username] => 898989
    [content] => [微笑]
    [type] => 0
    [user_id] => 6377
    [list_id] => 1F0E34BCC062B666E4BF7EFB712A3DB9
    [keywords] => [微笑]
)

---------------------------------------------------------------

[2026-05-30T11:36:49+08:00] 111.55.96.151 POST 012.demo.zhigou888.cn/im/message/textMsg
[ info ] relay_msg:Array
(
    [user_ids] => Array
        (
            [0] => 6377
            [1] => 5880
        )

    [content_type] => 0
    [username] => 898989
    [content] => [高兴][高兴][高兴][高兴]
    [type] => 0
    [user_id] => 6377
    [list_id] => 1F0E34BCC062B666E4BF7EFB712A3DB9
    [keywords] => [高兴][高兴][高兴][高兴]
)

---------------------------------------------------------------

[2026-05-30T11:37:16+08:00] 111.55.96.151 POST 012.demo.zhigou888.cn/im/message/textMsg
[ info ] relay_msg:Array
(
    [user_ids] => Array
        (
            [0] => 6377
            [1] => 5880
        )

    [content_type] => 2
    [username] => 898989
    [content] => 
    [type] => 0
    [user_id] => 6377
    [list_id] => 1F0E34BCC062B666E4BF7EFB712A3DB9
    [keywords] => 
)

---------------------------------------------------------------

[2026-05-30T11:37:57+08:00] 203.160.72.172 POST 012.demo.zhigou888.cn/im/sign/updateSignData
[ error ] [8]未定义变量: scores
---------------------------------------------------------------

[2026-05-30T11:39:06+08:00] 111.55.96.151 POST 012.demo.zhigou888.cn/im/message/textMsg
[ info ] relay_msg:Array
(
    [user_ids] => Array
        (
            [0] => 6377
            [1] => 5880
        )

    [content_type] => 3
    [username] => 898989
    [content] => 
    [type] => 0
    [user_id] => 6377
    [list_id] => 1F0E34BCC062B666E4BF7EFB712A3DB9
    [keywords] => 
)

---------------------------------------------------------------

[2026-05-30T11:39:26+08:00] 111.55.96.151 POST 012.demo.zhigou888.cn/im/message/textMsg
[ info ] relay_msg:Array
(
    [user_ids] => Array
        (
            [0] => 6378
            [1] => 6377
        )

    [content_type] => 0
    [username] => 898989
    [content] => 和你聊天？
    [type] => 0
    [user_id] => 6377
    [list_id] => 6d7bd300fcd68c2716614fd1356f50ed
    [keywords] => 和你聊天？
)

---------------------------------------------------------------

[2026-05-30T11:39:32+08:00] 111.55.96.151 POST 012.demo.zhigou888.cn/im/message/textMsg
[ info ] relay_msg:Array
(
    [user_ids] => Array
        (
            [0] => 6378
            [1] => 6377
        )

    [content_type] => 0
    [username] => 898989
    [content] => [发呆][调皮][惊讶]
    [type] => 0
    [user_id] => 6377
    [list_id] => 6d7bd300fcd68c2716614fd1356f50ed
    [keywords] => [发呆][调皮][惊讶]
)

---------------------------------------------------------------

[2026-05-30T11:41:55+08:00] 111.55.96.151 POST 012.demo.zhigou888.cn/im/message/textMsg
[ info ] relay_msg:Array
(
    [user_ids] => Array
        (
            [0] => 6377
            [1] => 5880
        )

    [content_type] => 0
    [username] => 898989
    [content] => 你好
    [type] => 0
    [user_id] => 6377
    [list_id] => 1F0E34BCC062B666E4BF7EFB712A3DB9
    [keywords] => 你好
)

---------------------------------------------------------------

[2026-05-30T11:42:02+08:00] 203.160.72.172 POST 012.demo.zhigou888.cn/im/message/textMsg
[ info ] relay_msg:Array
(
    [user_ids] => Array
        (
            [0] => 6378
            [1] => 6377
        )

    [content_type] => 0
    [username] => 808080
    [content] => ggq
    [type] => 0
    [user_id] => 6378
    [list_id] => 6d7bd300fcd68c2716614fd1356f50ed
    [keywords] => ggq
)

---------------------------------------------------------------

[2026-05-30T11:42:03+08:00] 111.55.96.151 POST 012.demo.zhigou888.cn/im/message/textMsg
[ info ] relay_msg:Array
(
    [user_ids] => Array
        (
            [0] => 6377
            [1] => 5880
        )

    [content_type] => 0
    [username] => 898989
    [content] => [亲][亲]
    [type] => 0
    [user_id] => 6377
    [list_id] => 1F0E34BCC062B666E4BF7EFB712A3DB9
    [keywords] => [亲][亲]
)

---------------------------------------------------------------

[2026-05-30T11:42:15+08:00] 203.160.72.172 POST 012.demo.zhigou888.cn/im/message/textMsg
[ info ] relay_msg:Array
(
    [user_ids] => Array
        (
            [0] => 6378
            [1] => 6377
        )

    [content_type] => 0
    [username] => 808080
    [content] => shix
    [type] => 0
    [user_id] => 6378
    [list_id] => 6d7bd300fcd68c2716614fd1356f50ed
    [keywords] => shix
)

---------------------------------------------------------------

[2026-05-30T11:42:21+08:00] 203.160.72.172 POST 012.demo.zhigou888.cn/im/message/textMsg
[ info ] relay_msg:Array
(
    [user_ids] => Array
        (
            [0] => 6378
            [1] => 6377
        )

    [content_type] => 0
    [username] => 808080
    [content] =>  试试语音
    [type] => 0
    [user_id] => 6378
    [list_id] => 6d7bd300fcd68c2716614fd1356f50ed
    [keywords] =>  试试语音
)

---------------------------------------------------------------

[2026-05-30T11:42:24+08:00] 111.55.96.151 POST 012.demo.zhigou888.cn/im/message/textMsg
[ info ] relay_msg:Array
(
    [user_ids] => Array
        (
            [0] => 6378
            [1] => 6377
        )

    [content_type] => 0
    [username] => 898989
    [content] => 你有时间去破旧
    [type] => 0
    [user_id] => 6377
    [list_id] => 6d7bd300fcd68c2716614fd1356f50ed
    [keywords] => 你有时间去破旧
)

---------------------------------------------------------------

[2026-05-30T11:43:59+08:00] 203.160.72.172 POST 012.demo.zhigou888.cn/im/message/textMsg
[ info ] relay_msg:Array
(
    [user_ids] => Array
        (
            [0] => 6378
            [1] => 6377
        )

    [content_type] => 2
    [username] => 808080
    [content] => 
    [type] => 0
    [user_id] => 6378
    [list_id] => 6d7bd300fcd68c2716614fd1356f50ed
    [keywords] => 
)

---------------------------------------------------------------

[2026-05-30T11:44:21+08:00] 203.160.72.172 POST 012.demo.zhigou888.cn/im/message/textMsg
[ info ] relay_msg:Array
(
    [user_ids] => Array
        (
            [0] => 6378
            [1] => 6377
        )

    [content_type] => 1
    [username] => 808080
    [content] => 
    [type] => 0
    [user_id] => 6378
    [list_id] => 6d7bd300fcd68c2716614fd1356f50ed
    [keywords] => 
)

---------------------------------------------------------------

[2026-05-30T11:44:36+08:00] 111.55.96.151 POST 012.demo.zhigou888.cn/im/message/textMsg
[ info ] relay_msg:Array
(
    [user_ids] => Array
        (
            [0] => 6378
            [1] => 6377
        )

    [content_type] => 1
    [username] => 898989
    [content] => 
    [type] => 0
    [user_id] => 6377
    [list_id] => 6d7bd300fcd68c2716614fd1356f50ed
    [keywords] => 
)

---------------------------------------------------------------

[2026-05-30T11:45:46+08:00] 203.160.72.172 POST 012.demo.zhigou888.cn/im/message/textMsg
[ info ] relay_msg:Array
(
    [user_ids] => Array
        (
            [0] => 6378
            [1] => 6377
        )

    [content_type] => 2
    [username] => 808080
    [content] => 
    [type] => 0
    [user_id] => 6378
    [list_id] => 6d7bd300fcd68c2716614fd1356f50ed
    [keywords] => 
)

---------------------------------------------------------------

[2026-05-30T11:46:04+08:00] 203.160.72.172 POST 012.demo.zhigou888.cn/im/message/textMsg
[ info ] relay_msg:Array
(
    [user_ids] => Array
        (
            [0] => 6378
            [1] => 6377
        )

    [content_type] => 0
    [username] => 808080
    [content] => 他这图片要点开看
    [type] => 0
    [user_id] => 6378
    [list_id] => 6d7bd300fcd68c2716614fd1356f50ed
    [keywords] => 他这图片要点开看
)

---------------------------------------------------------------

[2026-05-30T11:46:57+08:00] 203.160.72.172 POST 012.demo.zhigou888.cn/im/message/textMsg
[ info ] relay_msg:Array
(
    [user_ids] => Array
        (
            [0] => 6377
            [1] => 6378
            [2] => 1
        )

    [content_type] => 2
    [username] => 808080
    [content] => 
    [type] => 1
    [user_id] => 6378
    [list_id] => 52EE37B8E9635955C2472663FEB05B6C
    [keywords] => 
)

---------------------------------------------------------------

[2026-05-30T11:47:29+08:00] 203.160.72.172 POST 012.demo.zhigou888.cn/im/message/textMsg
[ info ] relay_msg:Array
(
    [user_ids] => Array
        (
            [0] => 6377
            [1] => 6378
            [2] => 1
        )

    [content_type] => 2
    [username] => 808080
    [content] => 
    [type] => 1
    [user_id] => 6378
    [list_id] => 52EE37B8E9635955C2472663FEB05B6C
    [keywords] => 
)

---------------------------------------------------------------

[2026-05-30T11:48:01+08:00] 111.55.96.151 POST 012.demo.zhigou888.cn/im/message/textMsg
[ info ] relay_msg:Array
(
    [user_ids] => Array
        (
            [0] => 6378
            [1] => 6377
        )

    [content_type] => 0
    [username] => 898989
    [content] => 图片没问题
    [type] => 0
    [user_id] => 6377
    [list_id] => 6d7bd300fcd68c2716614fd1356f50ed
    [keywords] => 图片没问题
)

---------------------------------------------------------------

[2026-05-30T11:48:50+08:00] 111.55.96.151 POST 012.demo.zhigou888.cn/im/message/textMsg
[ info ] relay_msg:Array
(
    [user_ids] => Array
        (
            [0] => 6378
            [1] => 6377
        )

    [content_type] => 3
    [username] => 898989
    [content] => 
    [type] => 0
    [user_id] => 6377
    [list_id] => 6d7bd300fcd68c2716614fd1356f50ed
    [keywords] => 
)

---------------------------------------------------------------

[2026-05-30T11:48:54+08:00] 203.160.72.172 POST 012.demo.zhigou888.cn/im/message/textMsg
[ info ] relay_msg:Array
(
    [user_ids] => Array
        (
            [0] => 6378
            [1] => 6377
        )

    [content_type] => 0
    [username] => 808080
    [content] => 充值提现要改
    [type] => 0
    [user_id] => 6378
    [list_id] => 6d7bd300fcd68c2716614fd1356f50ed
    [keywords] => 充值提现要改
)

---------------------------------------------------------------

[2026-05-30T11:49:25+08:00] 111.55.96.151 POST 012.demo.zhigou888.cn/im/message/textMsg
[ info ] relay_msg:Array
(
    [user_ids] => Array
        (
            [0] => 6378
            [1] => 6377
        )

    [content_type] => 0
    [username] => 898989
    [content] => 你发视频文件试试
    [type] => 0
    [user_id] => 6377
    [list_id] => 6d7bd300fcd68c2716614fd1356f50ed
    [keywords] => 你发视频文件试试
)

---------------------------------------------------------------

[2026-05-30T11:50:01+08:00] 111.55.96.151 POST 012.demo.zhigou888.cn/im/message/textMsg
[ info ] relay_msg:Array
(
    [user_ids] => Array
        (
            [0] => 6377
            [1] => 6378
            [2] => 1
        )

    [content_type] => 0
    [username] => 898989
    [content] => 图片没问题
    [type] => 1
    [user_id] => 6377
    [list_id] => 52EE37B8E9635955C2472663FEB05B6C
    [keywords] => 图片没问题
)

---------------------------------------------------------------

[2026-05-30T11:50:24+08:00] 203.160.72.172 POST 012.demo.zhigou888.cn/im/message/textMsg
[ info ] relay_msg:Array
(
    [user_ids] => Array
        (
            [0] => 6377
            [1] => 6378
            [2] => 1
        )

    [content_type] => 0
    [username] => 808080
    [content] => 多搞点人试试群聊
    [type] => 1
    [user_id] => 6378
    [list_id] => 52EE37B8E9635955C2472663FEB05B6C
    [keywords] => 多搞点人试试群聊
)

---------------------------------------------------------------

[2026-05-30T11:50:34+08:00] 111.55.96.151 POST 012.demo.zhigou888.cn/im/message/textMsg
[ info ] relay_msg:Array
(
    [user_ids] => Array
        (
            [0] => 6378
            [1] => 6377
        )

    [content_type] => 0
    [username] => 898989
    [content] => 我怎么发不了
    [type] => 0
    [user_id] => 6377
    [list_id] => 6d7bd300fcd68c2716614fd1356f50ed
    [keywords] => 我怎么发不了
)

---------------------------------------------------------------

[2026-05-30T11:50:47+08:00] 111.55.96.151 POST 012.demo.zhigou888.cn/im/message/textMsg
[ info ] relay_msg:Array
(
    [user_ids] => Array
        (
            [0] => 6378
            [1] => 6377
        )

    [content_type] => 1
    [username] => 898989
    [content] => 
    [type] => 0
    [user_id] => 6377
    [list_id] => 6d7bd300fcd68c2716614fd1356f50ed
    [keywords] => 
)

---------------------------------------------------------------

[2026-05-30T11:51:11+08:00] 203.160.72.172 POST 012.demo.zhigou888.cn/im/message/zhuanMsg
[ info ] relay_msg:Array
(
    [user_ids] => Array
        (
            [0] => 6378
            [1] => 6377
        )

    [content_type] => 3
    [username] => 808080
    [content] => 
    [type] => 0
    [user_id] => 6378
    [list_id] => 6d7bd300fcd68c2716614fd1356f50ed
    [keywords] => 
)

---------------------------------------------------------------

[2026-05-30T11:51:12+08:00] 203.160.72.172 POST 012.demo.zhigou888.cn/im/message/zhuanMsg
[ info ] relay_msg:Array
(
    [user_ids] => Array
        (
            [0] => 6378
            [1] => 6377
        )

    [content_type] => 3
    [username] => 808080
    [content] => 
    [type] => 0
    [user_id] => 6378
    [list_id] => 6d7bd300fcd68c2716614fd1356f50ed
    [keywords] => 
)

---------------------------------------------------------------

[2026-05-30T11:51:55+08:00] 203.160.72.172 POST 012.demo.zhigou888.cn/im/message/textMsg
[ info ] relay_msg:Array
(
    [user_ids] => Array
        (
            [0] => 6378
            [1] => 6377
        )

    [content_type] => 0
    [username] => 808080
    [content] => 你发的
    [type] => 0
    [user_id] => 6378
    [list_id] => 6d7bd300fcd68c2716614fd1356f50ed
    [keywords] => 你发的
)

---------------------------------------------------------------

[2026-05-30T14:48:13+08:00] 85.234.83.82 POST 012.demo.zhigou888.cn/im/message/textMsg
[ info ] relay_msg:Array
(
    [user_ids] => Array
        (
            [0] => 6379
            [1] => 5880
        )

    [content_type] => 0
    [username] => test008
    [content] => 222

    [type] => 0
    [user_id] => 6379
    [list_id] => C4102580327830FCFB43E834BE651B32
    [keywords] => 222

)

