---------------------------------------------------------------

[2026-05-21T08:29:10+08:00] 120.230.80.72 POST 012.demo.zhigou888.cn/im/sign/updateSignData
[ error ] [8]未定义变量: scores
---------------------------------------------------------------

[2026-05-21T08:30:13+08:00] 120.230.80.72 POST 012.demo.zhigou888.cn/im/message/textMsg
[ info ] relay_msg:Array
(
    [user_ids] => Array
        (
            [0] => 6370
            [1] => 5880
        )

    [content_type] => 0
    [username] => 12312390
    [content] => 。
    [type] => 0
    [user_id] => 6370
    [list_id] => 53E92A63C65C5061CBB5E3D640256ED0
    [keywords] => 。
)

---------------------------------------------------------------

[2026-05-21T08:30:17+08:00] 120.230.80.72 POST 012.demo.zhigou888.cn/im/message/textMsg
[ info ] relay_msg:Array
(
    [user_ids] => Array
        (
            [0] => 6370
            [1] => 5880
        )

    [content_type] => 0
    [username] => 12312390
    [content] => mmm
    [type] => 0
    [user_id] => 6370
    [list_id] => 53E92A63C65C5061CBB5E3D640256ED0
    [keywords] => mmm
)

---------------------------------------------------------------

[2026-05-21T22:25:19+08:00] 162.248.77.169 POST 012.demo.zhigou888.cn/im/sign/updateSignData
[ error ] [8]未定义变量: scores
---------------------------------------------------------------

[2026-05-21T22:25:55+08:00] 162.248.77.169 POST 012.demo.zhigou888.cn/im/message/textMsg
[ info ] relay_msg:Array
(
    [user_ids] => Array
        (
            [0] => 6371
            [1] => 5880
        )

    [content_type] => 2
    [username] => ceshi888
    [content] => 
    [type] => 0
    [user_id] => 6371
    [list_id] => F8EE0BAEC294D3865C3D8DA40BC3BC0D
    [keywords] => 
)

---------------------------------------------------------------

[2026-05-21T22:27:37+08:00] 162.248.77.169 POST 012.demo.zhigou888.cn/im/message/textMsg
[ info ] relay_msg:Array
(
    [user_ids] => Array
        (
            [0] => 5880
            [1] => 6371
            [2] => 1
        )

    [content_type] => 0
    [username] => ceshi888
    [content] => 1123


    [type] => 1
    [user_id] => 6371
    [list_id] => 59DA1D43997636BC9EC764C0C5A9068C
    [keywords] => 1123


)

---------------------------------------------------------------

[2026-05-21T22:27:40+08:00] 162.248.77.169 POST 012.demo.zhigou888.cn/im/message/textMsg
[ info ] relay_msg:Array
(
    [user_ids] => Array
        (
            [0] => 5880
            [1] => 6371
            [2] => 1
        )

    [content_type] => 0
    [username] => ceshi888
    [content] => [美女]
    [type] => 1
    [user_id] => 6371
    [list_id] => 59DA1D43997636BC9EC764C0C5A9068C
    [keywords] => [美女]
)

---------------------------------------------------------------

[2026-05-21T22:27:45+08:00] 162.248.77.169 POST 012.demo.zhigou888.cn/im/message/textMsg
[ info ] relay_msg:Array
(
    [user_ids] => Array
        (
            [0] => 5880
            [1] => 6371
            [2] => 1
        )

    [content_type] => 0
    [username] => ceshi888
    [content] => [笑]
    [type] => 1
    [user_id] => 6371
    [list_id] => 59DA1D43997636BC9EC764C0C5A9068C
    [keywords] => [笑]
)

---------------------------------------------------------------

[2026-05-21T22:28:00+08:00] 162.248.77.169 POST 012.demo.zhigou888.cn/im/message/textMsg
[ info ] relay_msg:Array
(
    [user_ids] => Array
        (
            [0] => 5880
            [1] => 6371
            [2] => 1
        )

    [content_type] => 2
    [username] => ceshi888
    [content] => 
    [type] => 1
    [user_id] => 6371
    [list_id] => 59DA1D43997636BC9EC764C0C5A9068C
    [keywords] => 
)

---------------------------------------------------------------

[2026-05-21T22:31:55+08:00] 162.248.77.169 POST 012.demo.zhigou888.cn/im/message/textMsg
[ info ] relay_msg:Array
(
    [user_ids] => Array
        (
            [0] => 6371
            [1] => 5880
        )

    [content_type] => 0
    [username] => ceshi888
    [content] => 1
    [type] => 0
    [user_id] => 6371
    [list_id] => F8EE0BAEC294D3865C3D8DA40BC3BC0D
    [keywords] => 1
)

---------------------------------------------------------------

[2026-05-21T22:32:35+08:00] 162.248.77.169 POST 012.demo.zhigou888.cn/im/message/textMsg
[ info ] relay_msg:Array
(
    [user_ids] => Array
        (
            [0] => 6371
            [1] => 5880
        )

    [content_type] => 0
    [username] => ceshi888
    [content] => 123213
    [type] => 0
    [user_id] => 6371
    [list_id] => F8EE0BAEC294D3865C3D8DA40BC3BC0D
    [keywords] => 123213
)

---------------------------------------------------------------

[2026-05-21T22:32:37+08:00] 162.248.77.169 POST 012.demo.zhigou888.cn/im/message/textMsg
[ info ] relay_msg:Array
(
    [user_ids] => Array
        (
            [0] => 6371
            [1] => 5880
        )

    [content_type] => 0
    [username] => ceshi888
    [content] => 12312
    [type] => 0
    [user_id] => 6371
    [list_id] => F8EE0BAEC294D3865C3D8DA40BC3BC0D
    [keywords] => 12312
)

---------------------------------------------------------------

[2026-05-21T22:32:38+08:00] 162.248.77.169 POST 012.demo.zhigou888.cn/im/message/textMsg
[ info ] relay_msg:Array
(
    [user_ids] => Array
        (
            [0] => 6371
            [1] => 5880
        )

    [content_type] => 0
    [username] => ceshi888
    [content] => 13123
    [type] => 0
    [user_id] => 6371
    [list_id] => F8EE0BAEC294D3865C3D8DA40BC3BC0D
    [keywords] => 13123
)

---------------------------------------------------------------

[2026-05-21T22:32:39+08:00] 162.248.77.169 POST 012.demo.zhigou888.cn/im/message/textMsg
[ info ] relay_msg:Array
(
    [user_ids] => Array
        (
            [0] => 6371
            [1] => 5880
        )

    [content_type] => 0
    [username] => ceshi888
    [content] => 123123
    [type] => 0
    [user_id] => 6371
    [list_id] => F8EE0BAEC294D3865C3D8DA40BC3BC0D
    [keywords] => 123123
)

---------------------------------------------------------------

[2026-05-21T22:32:40+08:00] 162.248.77.169 POST 012.demo.zhigou888.cn/im/message/textMsg
[ info ] relay_msg:Array
(
    [user_ids] => Array
        (
            [0] => 6371
            [1] => 5880
        )

    [content_type] => 0
    [username] => ceshi888
    [content] => 123213
    [type] => 0
    [user_id] => 6371
    [list_id] => F8EE0BAEC294D3865C3D8DA40BC3BC0D
    [keywords] => 123213
)

---------------------------------------------------------------

[2026-05-21T22:32:42+08:00] 162.248.77.169 POST 012.demo.zhigou888.cn/im/message/textMsg
[ info ] relay_msg:Array
(
    [user_ids] => Array
        (
            [0] => 6371
            [1] => 5880
        )

    [content_type] => 0
    [username] => ceshi888
    [content] => 12321
    [type] => 0
    [user_id] => 6371
    [list_id] => F8EE0BAEC294D3865C3D8DA40BC3BC0D
    [keywords] => 12321
)

---------------------------------------------------------------

[2026-05-21T22:32:43+08:00] 162.248.77.169 POST 012.demo.zhigou888.cn/im/message/textMsg
[ info ] relay_msg:Array
(
    [user_ids] => Array
        (
            [0] => 6371
            [1] => 5880
        )

    [content_type] => 0
    [username] => ceshi888
    [content] => 1231231
    [type] => 0
    [user_id] => 6371
    [list_id] => F8EE0BAEC294D3865C3D8DA40BC3BC0D
    [keywords] => 1231231
)

---------------------------------------------------------------

[2026-05-21T22:32:44+08:00] 162.248.77.169 POST 012.demo.zhigou888.cn/im/message/textMsg
[ info ] relay_msg:Array
(
    [user_ids] => Array
        (
            [0] => 6371
            [1] => 5880
        )

    [content_type] => 0
    [username] => ceshi888
    [content] => 1232131
    [type] => 0
    [user_id] => 6371
    [list_id] => F8EE0BAEC294D3865C3D8DA40BC3BC0D
    [keywords] => 1232131
)

---------------------------------------------------------------

[2026-05-21T22:32:47+08:00] 162.248.77.169 POST 012.demo.zhigou888.cn/im/message/textMsg
[ info ] relay_msg:Array
(
    [user_ids] => Array
        (
            [0] => 6371
            [1] => 5880
        )

    [content_type] => 0
    [username] => ceshi888
    [content] => 123213131
    [type] => 0
    [user_id] => 6371
    [list_id] => F8EE0BAEC294D3865C3D8DA40BC3BC0D
    [keywords] => 123213131
)

---------------------------------------------------------------

[2026-05-21T22:32:51+08:00] 162.248.77.169 POST 012.demo.zhigou888.cn/im/message/textMsg
[ info ] relay_msg:Array
(
    [user_ids] => Array
        (
            [0] => 6371
            [1] => 5880
        )

    [content_type] => 0
    [username] => ceshi888
    [content] => 1232131213123123
    [type] => 0
    [user_id] => 6371
    [list_id] => F8EE0BAEC294D3865C3D8DA40BC3BC0D
    [keywords] => 1232131213123123
)

---------------------------------------------------------------

[2026-05-21T22:32:52+08:00] 162.248.77.169 POST 012.demo.zhigou888.cn/im/message/textMsg
[ info ] relay_msg:Array
(
    [user_ids] => Array
        (
            [0] => 6371
            [1] => 5880
        )

    [content_type] => 0
    [username] => ceshi888
    [content] => 12321312
    [type] => 0
    [user_id] => 6371
    [list_id] => F8EE0BAEC294D3865C3D8DA40BC3BC0D
    [keywords] => 12321312
)

---------------------------------------------------------------

[2026-05-21T22:33:01+08:00] 162.248.77.169 POST 012.demo.zhigou888.cn/im/message/textMsg
[ info ] relay_msg:Array
(
    [user_ids] => Array
        (
            [0] => 6371
            [1] => 5880
        )

    [content_type] => 2
    [username] => ceshi888
    [content] => 
    [type] => 0
    [user_id] => 6371
    [list_id] => F8EE0BAEC294D3865C3D8DA40BC3BC0D
    [keywords] => 
)

---------------------------------------------------------------

[2026-05-21T22:33:20+08:00] 162.248.77.169 POST 012.demo.zhigou888.cn/im/message/textMsg
[ info ] relay_msg:Array
(
    [user_ids] => Array
        (
            [0] => 6371
            [1] => 5880
        )

    [content_type] => 0
    [username] => ceshi888
    [content] => 123
    [type] => 0
    [user_id] => 6371
    [list_id] => F8EE0BAEC294D3865C3D8DA40BC3BC0D
    [keywords] => 123
)

